<?xml version="1.0" encoding="UTF-8"?>
<!-- Generated by org.testng.reporters.JUnitXMLReporter -->
<testsuite ignored="0" hostname="Window" failures="0" tests="4" name="Default test" time="76.134" errors="0" timestamp="2025-05-04T13:12:08 IST">
  <testcase classname="testCases.TC_004" name="testUpdateCountOfCartItem" time="28.902"/>
  <testcase classname="testCases.TC_004" name="testUpdateCountOfCartItem" time="18.766"/>
  <testcase classname="testCases.TC_004" name="testUpdateCountOfCartItem" time="19.613"/>
  <testcase classname="testCases.TC_004" name="testValidateFinalCartTotal" time="0.005"/>
</testsuite> <!-- Default test -->
