<?xml version="1.0" encoding="UTF-8"?>
<!-- Generated by org.testng.reporters.JUnitXMLReporter -->
<testsuite ignored="0" hostname="Window" failures="1" tests="1" name="Test2" time="14.583" errors="0" timestamp="2025-05-02T13:30:14 IST">
  <testcase classname="testCases.TC_001" name="testAddTocart" time="5.782">
    <failure type="java.lang.AssertionError" message="null">
      <![CDATA[java.lang.AssertionError: null
at testCases.TC_001.testAddTocart(TC_001.java:52)
at java.base/java.util.ArrayList.forEach(ArrayList.java:1596)
... Removed 27 stack frames]]>
    </failure>
  </testcase> <!-- testAddTocart -->
</testsuite> <!-- Test2 -->
