<?xml version="1.0" encoding="UTF-8"?>
<!-- Generated by org.testng.reporters.JUnitXMLReporter -->
<testsuite ignored="0" hostname="Window" failures="1" tests="6" name="Test" time="98.285" errors="0" timestamp="2025-05-02T16:15:42 IST">
  <testcase classname="testCases.TC_001" name="testAddTocart" time="9.013"/>
  <testcase classname="testCases.TC_002" name="testAddToCartMultipleItems" time="21.59"/>
  <testcase classname="testCases.TC_003" name="testRemoveCartItem" time="0.027">
    <failure type="java.lang.AssertionError" message="null">
      <![CDATA[java.lang.AssertionError: null
at testCases.TC_003.testRemoveCartItem(TC_003.java:52)
at java.base/java.util.ArrayList.forEach(ArrayList.java:1596)
... Removed 27 stack frames]]>
    </failure>
  </testcase> <!-- testRemoveCartItem -->
  <testcase classname="testCases.TC_004" name="testUpdateCountOfCartItem" time="16.69"/>
  <testcase classname="testCases.TC_005" name="testItemSaveForLater" time="19.417"/>
  <testcase classname="testCases.TC_006" name="testCartitemsSubtotal" time="9.528"/>
</testsuite> <!-- Test -->
