<?xml version="1.0" encoding="UTF-8"?>
<!-- Generated by org.testng.reporters.JUnitXMLReporter -->
<testsuite ignored="1" hostname="Window" failures="0" tests="8" name="Test" time="209.175" errors="0" timestamp="2025-05-11T12:37:59 IST">
  <testcase classname="testCases.TC_001" name="testAddTocart" time="25.603"/>
  <testcase classname="testCases.TC_002" name="testAddToCartMultipleItems" time="17.474"/>
  <testcase classname="testCases.TC_003" name="testRemoveCartItem" time="30.571"/>
  <testcase classname="testCases.TC_004" name="testUpdateCountOfCartItem" time="15.987"/>
  <testcase classname="testCases.TC_004" name="testUpdateCountOfCartItem" time="29.2"/>
  <testcase classname="testCases.TC_004" name="testUpdateCountOfCartItem" time="19.326"/>
  <testcase classname="testCases.TC_005" name="testItemSaveForLater" time="28.744"/>
  <testcase classname="testCases.TC_006" name="testCartitemsSubtotal" time="9.011"/>
  <testcase classname="testCases.TC_004" name="testValidateFinalCartTotal" time="0.0">
    <ignored/>
  </testcase> <!-- testValidateFinalCartTotal -->
</testsuite> <!-- Test -->
