<?xml version="1.0" encoding="UTF-8"?>
<!-- Generated by org.testng.reporters.JUnitXMLReporter -->
<testsuite ignored="0" hostname="Window" failures="3" tests="6" name="Test" time="69.169" errors="0" timestamp="2025-05-02T12:42:48 IST">
  <testcase classname="testCases.TC_001" name="testAddTocart" time="9.412"/>
  <testcase classname="testCases.TC_002" name="testAddToCartMultipleItems" time="21.675"/>
  <testcase classname="testCases.TC_003" name="testRemoveCartItem" time="0.016">
    <failure type="java.lang.AssertionError" message="null">
      <![CDATA[java.lang.AssertionError: null
at testCases.TC_003.testRemoveCartItem(TC_003.java:52)
at java.base/java.util.ArrayList.forEach(ArrayList.java:1541)
... Removed 33 stack frames]]>
    </failure>
  </testcase> <!-- testRemoveCartItem -->
  <testcase classname="testCases.TC_004" name="testUpdateCountOfCartItem" time="0.011">
    <failure type="java.lang.AssertionError" message="null">
      <![CDATA[java.lang.AssertionError: null
at testCases.TC_004.testUpdateCountOfCartItem(TC_004.java:54)
at java.base/java.util.ArrayList.forEach(ArrayList.java:1541)
... Removed 33 stack frames]]>
    </failure>
  </testcase> <!-- testUpdateCountOfCartItem -->
  <testcase classname="testCases.TC_005" name="testItemSaveForLater" time="19.052"/>
  <testcase classname="testCases.TC_006" name="testCartitemsSubtotal" time="0.015">
    <failure type="java.lang.AssertionError" message="null">
      <![CDATA[java.lang.AssertionError: null
at testCases.TC_006.testCartitemsSubtotal(TC_006.java:61)
at java.base/java.util.ArrayList.forEach(ArrayList.java:1541)
... Removed 33 stack frames]]>
    </failure>
  </testcase> <!-- testCartitemsSubtotal -->
</testsuite> <!-- Test -->
